e:\proyects\c++\apdsim\apdsim\debug\vc141.pdb
e:\proyects\c++\apdsim\apdsim\debug\vc141.idb
e:\proyects\c++\apdsim\apdsim\debug\node.obj
e:\proyects\c++\apdsim\apdsim\debug\apdsim.obj
e:\proyects\c++\apdsim\apdsim\debug\apdsim.pch
e:\proyects\c++\apdsim\apdsim\debug\stdafx.obj
e:\proyects\c++\apdsim\apdsim\debug\stack.obj
e:\proyects\c++\apdsim\debug\apdsim.exe
e:\proyects\c++\apdsim\debug\apdsim.ilk
e:\proyects\c++\apdsim\debug\apdsim.pdb
e:\proyects\c++\apdsim\apdsim\debug\node.obj.enc
e:\proyects\c++\apdsim\apdsim\debug\nativecodeanalysis.read.1.tlog
e:\proyects\c++\apdsim\apdsim\debug\apdsim.nativecodeanalysis.xml
e:\proyects\c++\apdsim\apdsim\debug\node.nativecodeanalysis.xml
e:\proyects\c++\apdsim\apdsim\debug\stack.nativecodeanalysis.xml
e:\proyects\c++\apdsim\apdsim\debug\stdafx.nativecodeanalysis.xml
e:\proyects\c++\apdsim\apdsim\debug\vc.nativecodeanalysis.all.xml
e:\proyects\c++\apdsim\debug\apdsim.exe.lastcodeanalysissucceeded
e:\proyects\c++\apdsim\apdsim\debug\apdsim.tlog\cl.command.1.tlog
e:\proyects\c++\apdsim\apdsim\debug\apdsim.tlog\cl.read.1.tlog
e:\proyects\c++\apdsim\apdsim\debug\apdsim.tlog\cl.write.1.tlog
e:\proyects\c++\apdsim\apdsim\debug\apdsim.tlog\link.command.1.tlog
e:\proyects\c++\apdsim\apdsim\debug\apdsim.tlog\link.read.1.tlog
e:\proyects\c++\apdsim\apdsim\debug\apdsim.tlog\link.write.1.tlog
